#
# A fatal error has been detected by the Java Runtime Environment:
#
#  EXCEPTION_UNCAUGHT_CXX_EXCEPTION (0xe06d7363) at pc=0x00007ffce1d25518, pid=34696, tid=0x0000000000009998
#
# JRE version: OpenJDK Runtime Environment (8.0_202-b08) (build 1.8.0_202-b08)
# Java VM: OpenJDK 64-Bit Server VM (25.202-b08 mixed mode windows-amd64 compressed oops)
# Problematic frame:
# C  [KERNELBASE.dll+0x45518]
#
# Failed to write core dump. Minidumps are not enabled by default on client versions of Windows
#
# If you would like to submit a bug report, please visit:
#   http://bugreport.java.com/bugreport/crash.jsp
# The crash happened outside the Java Virtual Machine in native code.
# See problematic frame for where to report the bug.
#

---------------  T H R E A D  ---------------

Current thread (0x0000000005273800):  JavaThread "main" [_thread_in_native, id=39320, stack(0x0000000004f70000,0x0000000005070000)]

siginfo: ExceptionCode=0xe06d7363, ExceptionInformation=0x0000000019930520 0x000000000506dd68 0x00007ffc86259be8 0x00007ffc86140000 

Registers:
RAX=0xcccccccccccccccc, RBX=0x0000000019798798, RCX=0xcccccccccccccccc, RDX=0xcccccccccccccccc
RSP=0x000000000506d8b0, RBP=0x000000000506da60, RSI=0x00007ffcd4159660, RDI=0x000000000506da20
R8 =0xfffffffffffffffe, R9 =0xcccccccccccccccc, R10=0xcccccccccccccccc, R11=0xcccccccccccccccc
R12=0x0000000000000000, R13=0x0000000019798798, R14=0x000000000506f4c0, R15=0x0000000005273800
RIP=0x00007ffce1d25518, EFLAGS=0x0000000000000202

Top of Stack: (sp=0x000000000506d8b0)
0x000000000506d8b0:   cccccccccccccccc 0000000019798798
0x000000000506d8c0:   00007ffcd4159660 000000000506da20
0x000000000506d8d0:   00000001e06d7363 0000000000000000
0x000000000506d8e0:   00007ffce1d25518 cccccccc00000004
0x000000000506d8f0:   0000000019930520 000000000506dd68
0x000000000506d900:   00007ffc86259be8 00007ffc86140000
0x000000000506d910:   0000000000000000 000000000506da20
0x000000000506d920:   00007ffcd4159660 000000000506d9c8
0x000000000506d930:   000000000506da60 00007ffce4dcc51f
0x000000000506d940:   0000000019798798 cccccccc00000000
0x000000000506d950:   cccccccccccccccc cccccccccccccccc
0x000000000506d960:   00007ffc86268000 00007ffc86140000
0x000000000506d970:   0000083312bc89b1 cccccccccccccccc
0x000000000506d980:   0000000019798798 00007ffcd4147ec7
0x000000000506d990:   cccccccccccccccc cccccccccccccccc
0x000000000506d9a0:   cccccccccccccccc cccccccccccccccc 

Instructions: (pc=0x00007ffce1d25518)
0x00007ffce1d254f8:   49 8b d1 44 0f 47 c0 44 89 44 24 38 49 c1 e0 03
0x00007ffce1d25508:   e8 5a 1a 04 00 48 8d 4c 24 20 ff 15 08 37 13 00
0x00007ffce1d25518:   48 8b 8c 24 c0 00 00 00 48 33 cc e8 18 da 03 00
0x00007ffce1d25528:   48 81 c4 d8 00 00 00 c3 83 64 24 38 00 eb d6 cc 


Register to memory mapping:

RAX=0xcccccccccccccccc is an unknown value
RBX={method} {0x00000000197987a0} 'create' '(IJ)J' in 'it/marcom/swtedge/nat/NativeEdge'
RCX=0xcccccccccccccccc is an unknown value
RDX=0xcccccccccccccccc is an unknown value
RSP=0x000000000506d8b0 is pointing into the stack for thread: 0x0000000005273800
RBP=0x000000000506da60 is pointing into the stack for thread: 0x0000000005273800
RSI=0x00007ffcd4159660 is an unknown value
RDI=0x000000000506da20 is pointing into the stack for thread: 0x0000000005273800
R8 =0xfffffffffffffffe is an unknown value
R9 =0xcccccccccccccccc is an unknown value
R10=0xcccccccccccccccc is an unknown value
R11=0xcccccccccccccccc is an unknown value
R12=0x0000000000000000 is an unknown value
R13={method} {0x00000000197987a0} 'create' '(IJ)J' in 'it/marcom/swtedge/nat/NativeEdge'
R14=0x000000000506f4c0 is pointing into the stack for thread: 0x0000000005273800
R15=0x0000000005273800 is a thread


Stack: [0x0000000004f70000,0x0000000005070000],  sp=0x000000000506d8b0,  free space=1014k
Native frames: (J=compiled Java code, j=interpreted, Vv=VM code, C=native code)
C  [KERNELBASE.dll+0x45518]
C  [VCRUNTIME140D.dll+0x7ec7]
C  [webview.dll+0xaf29b]  winrt::throw_hresult+0x2eb
C  [webview.dll+0xa0a2f]  winrt::check_hresult+0x4f
C  [webview.dll+0x5ebbc]  winrt::get_activation_factory<winrt::Windows::Foundation::IActivationFactory>+0x7c
C  [webview.dll+0x59461]  winrt::impl::factory_cache_entry<winrt::Windows::Web::UI::Interop::WebViewControlProcess,winrt::Windows::Foundation::IActivationFactory>::call<winrt::Windows::Web::UI::Interop::WebViewControlProcess (__cdecl*)(winrt::Windows::Foundation::IActivationFactory con+0x91
C  [webview.dll+0x59979]  winrt::impl::call_factory_cast<winrt::Windows::Web::UI::Interop::WebViewControlProcess (__cdecl*)(winrt::Windows::Foundation::IActivationFactory const &),winrt::Windows::Web::UI::Interop::WebViewControlProcess,winrt::Windows::Foundation::IActivationFactory,<la+0xf9
C  [webview.dll+0x6fb2c]  winrt::Windows::Web::UI::Interop::WebViewControlProcess::WebViewControlProcess+0x5c
C  [webview.dll+0xa3da4]  webview::edge_html::embed+0x74
C  [webview.dll+0x73926]  webview::win32_edge_engine::win32_edge_engine+0x406
C  [webview.dll+0x734b4]  webview::webview::webview+0x64
C  [webview.dll+0xb2ba6]  webview_create+0xa6
C  [webview.dll+0xb1707]  Java_it_marcom_swtedge_nat_NativeEdge_create+0x57
C  0x00000000053889a7

Java frames: (J=compiled Java code, j=interpreted, Vv=VM code)
j  it.marcom.swtedge.nat.NativeEdge.create(IJ)J+0
j  it.marcom.swtedge.nat.NativeEdge.<init>(J)V+7
j  it.marcom.swtedge.EdgeBrowser.create(Lorg/eclipse/swt/widgets/Composite;I)V+17
j  it.marcom.swtedge.BrowserView.<init>(Lorg/eclipse/swt/widgets/Composite;I)V+77
j  it.marcom.swtedge.sample.SwtEdgeTest.main([Ljava/lang/String;)V+210
v  ~StubRoutines::call_stub

---------------  P R O C E S S  ---------------

Java Threads: ( => current thread )
  0x000000001b411000 JavaThread "Service Thread" daemon [_thread_blocked, id=31436, stack(0x000000001bb70000,0x000000001bc70000)]
  0x000000001b3fe800 JavaThread "C1 CompilerThread2" daemon [_thread_blocked, id=15392, stack(0x000000001ba70000,0x000000001bb70000)]
  0x0000000019c6e000 JavaThread "C2 CompilerThread1" daemon [_thread_blocked, id=32928, stack(0x000000001b970000,0x000000001ba70000)]
  0x0000000019c5e800 JavaThread "C2 CompilerThread0" daemon [_thread_blocked, id=37676, stack(0x000000001b870000,0x000000001b970000)]
  0x0000000019c5d000 JavaThread "Monitor Ctrl-Break" daemon [_thread_in_native, id=28992, stack(0x000000001b770000,0x000000001b870000)]
  0x0000000019c1a000 JavaThread "Attach Listener" daemon [_thread_blocked, id=28168, stack(0x000000001b270000,0x000000001b370000)]
  0x0000000019c18800 JavaThread "Signal Dispatcher" daemon [_thread_blocked, id=50400, stack(0x000000001b170000,0x000000001b270000)]
  0x000000000536d000 JavaThread "Finalizer" daemon [_thread_blocked, id=33692, stack(0x000000001ae60000,0x000000001af60000)]
  0x0000000019bf8000 JavaThread "Reference Handler" daemon [_thread_blocked, id=30352, stack(0x000000001ad60000,0x000000001ae60000)]
=>0x0000000005273800 JavaThread "main" [_thread_in_native, id=39320, stack(0x0000000004f70000,0x0000000005070000)]

Other Threads:
  0x0000000019bd6000 VMThread [stack: 0x000000001ac60000,0x000000001ad60000] [id=45380]
  0x000000001b413800 WatcherThread [stack: 0x000000001bc70000,0x000000001bd70000] [id=28032]

VM state:not at safepoint (normal execution)

VM Mutex/Monitor currently owned by a thread: None

heap address: 0x0000000086000000, size: 1952 MB, Compressed Oops mode: 32-bit
Narrow klass base: 0x0000000000000000, Narrow klass shift: 3
Compressed class space size: 1073741824 Address: 0x0000000100000000

Heap:
 PSYoungGen      total 36352K, used 8013K [0x00000000d7580000, 0x00000000d9e00000, 0x0000000100000000)
  eden space 31232K, 25% used [0x00000000d7580000,0x00000000d7d53710,0x00000000d9400000)
  from space 5120K, 0% used [0x00000000d9900000,0x00000000d9900000,0x00000000d9e00000)
  to   space 5120K, 0% used [0x00000000d9400000,0x00000000d9400000,0x00000000d9900000)
 ParOldGen       total 83456K, used 0K [0x0000000086000000, 0x000000008b180000, 0x00000000d7580000)
  object space 83456K, 0% used [0x0000000086000000,0x0000000086000000,0x000000008b180000)
 Metaspace       used 5427K, capacity 5978K, committed 6016K, reserved 1056768K
  class space    used 566K, capacity 637K, committed 640K, reserved 1048576K

Card table byte_map: [0x0000000014730000,0x0000000014b10000] byte_map_base: 0x0000000014300000

Marking Bits: (ParMarkBitMap*) 0x000000005546cf30
 Begin Bits: [0x00000000151a0000, 0x0000000017020000)
 End Bits:   [0x0000000017020000, 0x0000000018ea0000)

Polling page: 0x0000000003420000

CodeCache: size=245760Kb used=1849Kb max_used=1856Kb free=243910Kb
 bounds [0x0000000005370000, 0x00000000055e0000, 0x0000000014370000]
 total_blobs=760 nmethods=329 adapters=345
 compilation: enabled

Compilation events (10 events):
Event: 0.559 Thread 0x0000000019c6e000 nmethod 325 0x0000000005532f50 code [0x0000000005533080, 0x00000000055330f8]
Event: 0.560 Thread 0x000000001b3fe800  326       3       java.io.WinNTFileSystem::normalize (231 bytes)
Event: 0.564 Thread 0x000000001b3fe800 nmethod 326 0x0000000005539090 code [0x0000000005539560, 0x000000000553d3b8]
Event: 0.564 Thread 0x000000001b3fe800  327       3       java.net.URI$Parser::charAt (9 bytes)
Event: 0.564 Thread 0x000000001b3fe800 nmethod 327 0x0000000005532910 code [0x0000000005532a80, 0x0000000005532dc8]
Event: 0.564 Thread 0x000000001b3fe800  328       3       java.util.BitSet::get (69 bytes)
Event: 0.565 Thread 0x0000000019c5e800 nmethod 324 0x0000000005535c10 code [0x0000000005535d60, 0x0000000005536358]
Event: 0.565 Thread 0x000000001b3fe800 nmethod 328 0x0000000005533910 code [0x0000000005533b00, 0x0000000005534488]
Event: 0.565 Thread 0x000000001b3fe800  329  s    1       java.util.Vector::size (5 bytes)
Event: 0.565 Thread 0x000000001b3fe800 nmethod 329 0x0000000005533410 code [0x0000000005533560, 0x00000000055337d0]

GC Heap History (0 events):
No events

Deoptimization events (0 events):
No events

Classes redefined (0 events):
No events

Internal exceptions (10 events):
Event: 0.084 Thread 0x0000000005273800 Exception <a 'java/lang/NoSuchMethodError': Method sun.misc.Unsafe.defineClass(Ljava/lang/String;[BII)Ljava/lang/Class; name or signature does not match> (0x00000000d7587cb0) thrown at [C:\cygwin64\tmp\openjdk-jdk8u-windows-x64-hotspot\workspace\build\src
Event: 0.084 Thread 0x0000000005273800 Exception <a 'java/lang/NoSuchMethodError': Method sun.misc.Unsafe.prefetchRead(Ljava/lang/Object;J)V name or signature does not match> (0x00000000d7587f98) thrown at [C:\cygwin64\tmp\openjdk-jdk8u-windows-x64-hotspot\workspace\build\src\hotspot\src\share
Event: 0.404 Thread 0x0000000005273800 Exception <a 'java/lang/NoSuchFieldError': method resolution failed> (0x00000000d7b285a0) thrown at [C:\cygwin64\tmp\openjdk-jdk8u-windows-x64-hotspot\workspace\build\src\hotspot\src\share\vm\prims\methodHandles.cpp, line 1167]
Event: 0.414 Thread 0x0000000005273800 Exception <a 'java/lang/NoSuchFieldError': method resolution failed> (0x00000000d7b36750) thrown at [C:\cygwin64\tmp\openjdk-jdk8u-windows-x64-hotspot\workspace\build\src\hotspot\src\share\vm\prims\methodHandles.cpp, line 1167]
Event: 0.559 Thread 0x0000000005273800 Exception <a 'java/security/PrivilegedActionException'> (0x00000000d7d402d0) thrown at [C:\cygwin64\tmp\openjdk-jdk8u-windows-x64-hotspot\workspace\build\src\hotspot\src\share\vm\prims\jvm.cpp, line 1502]
Event: 0.560 Thread 0x0000000005273800 Exception <a 'java/security/PrivilegedActionException'> (0x00000000d7d404e0) thrown at [C:\cygwin64\tmp\openjdk-jdk8u-windows-x64-hotspot\workspace\build\src\hotspot\src\share\vm\prims\jvm.cpp, line 1502]
Event: 0.560 Thread 0x0000000005273800 Exception <a 'java/security/PrivilegedActionException'> (0x00000000d7d43860) thrown at [C:\cygwin64\tmp\openjdk-jdk8u-windows-x64-hotspot\workspace\build\src\hotspot\src\share\vm\prims\jvm.cpp, line 1502]
Event: 0.560 Thread 0x0000000005273800 Exception <a 'java/security/PrivilegedActionException'> (0x00000000d7d43a70) thrown at [C:\cygwin64\tmp\openjdk-jdk8u-windows-x64-hotspot\workspace\build\src\hotspot\src\share\vm\prims\jvm.cpp, line 1502]
Event: 0.560 Thread 0x0000000005273800 Exception <a 'java/security/PrivilegedActionException'> (0x00000000d7d44bb8) thrown at [C:\cygwin64\tmp\openjdk-jdk8u-windows-x64-hotspot\workspace\build\src\hotspot\src\share\vm\prims\jvm.cpp, line 1502]
Event: 0.560 Thread 0x0000000005273800 Exception <a 'java/security/PrivilegedActionException'> (0x00000000d7d44dc8) thrown at [C:\cygwin64\tmp\openjdk-jdk8u-windows-x64-hotspot\workspace\build\src\hotspot\src\share\vm\prims\jvm.cpp, line 1502]

Events (10 events):
Event: 0.554 loading class sun/misc/Launcher$BootClassPathHolder
Event: 0.554 loading class sun/misc/Launcher$BootClassPathHolder done
Event: 0.554 loading class sun/misc/Launcher$BootClassPathHolder$1
Event: 0.554 loading class sun/misc/Launcher$BootClassPathHolder$1 done
Event: 0.559 loading class java/io/FileNotFoundException
Event: 0.559 loading class java/io/FileNotFoundException done
Event: 0.559 loading class java/security/PrivilegedActionException
Event: 0.559 loading class java/security/PrivilegedActionException done
Event: 0.560 loading class java/net/URLClassLoader$2
Event: 0.560 loading class java/net/URLClassLoader$2 done


Dynamic libraries:
0x00007ff6d1230000 - 0x00007ff6d1265000 	C:\Users\marco.monacelli\Desktop\enviroment\jvm\64bit\jdk8u202-b08\bin\java.exe
0x00007ffce4d50000 - 0x00007ffce4f30000 	C:\WINDOWS\SYSTEM32\ntdll.dll
0x00007ffce2ea0000 - 0x00007ffce2f4e000 	C:\WINDOWS\System32\KERNEL32.DLL
0x00007ffce1ce0000 - 0x00007ffce1f46000 	C:\WINDOWS\System32\KERNELBASE.dll
0x00007ffce4510000 - 0x00007ffce45b1000 	C:\WINDOWS\System32\ADVAPI32.dll
0x00007ffce2b80000 - 0x00007ffce2c1d000 	C:\WINDOWS\System32\msvcrt.dll
0x00007ffce2de0000 - 0x00007ffce2e3b000 	C:\WINDOWS\System32\sechost.dll
0x00007ffce2290000 - 0x00007ffce23af000 	C:\WINDOWS\System32\RPCRT4.dll
0x00007ffce29f0000 - 0x00007ffce2b7f000 	C:\WINDOWS\System32\USER32.dll
0x00007ffce11b0000 - 0x00007ffce11d0000 	C:\WINDOWS\System32\win32u.dll
0x00007ffce2880000 - 0x00007ffce28a8000 	C:\WINDOWS\System32\GDI32.dll
0x00007ffce1340000 - 0x00007ffce14d3000 	C:\WINDOWS\System32\gdi32full.dll
0x00007ffce1220000 - 0x00007ffce12bb000 	C:\WINDOWS\System32\msvcp_win.dll
0x00007ffce2120000 - 0x00007ffce2214000 	C:\WINDOWS\System32\ucrtbase.dll
0x00007ffcd09e0000 - 0x00007ffcd0c49000 	C:\WINDOWS\WinSxS\amd64_microsoft.windows.common-controls_6595b64144ccf1df_6.0.16299.1087_none_0f9074b65a6589b7\COMCTL32.dll
0x00007ffce45c0000 - 0x00007ffce48c6000 	C:\WINDOWS\System32\combase.dll
0x00007ffce12c0000 - 0x00007ffce1332000 	C:\WINDOWS\System32\bcryptPrimitives.dll
0x00007ffce2db0000 - 0x00007ffce2ddd000 	C:\WINDOWS\System32\IMM32.DLL
0x00007ffce0050000 - 0x00007ffce0081000 	C:\Windows\system32\nvinitx.dll
0x00007ffce0040000 - 0x00007ffce004a000 	C:\WINDOWS\SYSTEM32\VERSION.dll
0x0000000055750000 - 0x0000000055822000 	C:\Users\marco.monacelli\Desktop\enviroment\jvm\64bit\jdk8u202-b08\jre\bin\msvcr100.dll
0x0000000054ca0000 - 0x00000000554e9000 	C:\Users\marco.monacelli\Desktop\enviroment\jvm\64bit\jdk8u202-b08\jre\bin\server\jvm.dll
0x00007ffce25f0000 - 0x00007ffce25f8000 	C:\WINDOWS\System32\PSAPI.DLL
0x00007ffccc260000 - 0x00007ffccc269000 	C:\WINDOWS\SYSTEM32\WSOCK32.dll
0x00007ffce2980000 - 0x00007ffce29ec000 	C:\WINDOWS\System32\WS2_32.dll
0x00007ffcde630000 - 0x00007ffcde653000 	C:\WINDOWS\SYSTEM32\WINMM.dll
0x00007ffcde600000 - 0x00007ffcde62a000 	C:\WINDOWS\SYSTEM32\WINMMBASE.dll
0x00007ffce11d0000 - 0x00007ffce121a000 	C:\WINDOWS\System32\cfgmgr32.dll
0x00007ffcd4a80000 - 0x00007ffcd4a8f000 	C:\Users\marco.monacelli\Desktop\enviroment\jvm\64bit\jdk8u202-b08\jre\bin\verify.dll
0x00007ffcd4990000 - 0x00007ffcd49b9000 	C:\Users\marco.monacelli\Desktop\enviroment\jvm\64bit\jdk8u202-b08\jre\bin\java.dll
0x00007ffcd4420000 - 0x00007ffcd4443000 	C:\Users\marco.monacelli\Desktop\enviroment\jvm\64bit\jdk8u202-b08\jre\bin\instrument.dll
0x00007ffcd4970000 - 0x00007ffcd4986000 	C:\Users\marco.monacelli\Desktop\enviroment\jvm\64bit\jdk8u202-b08\jre\bin\zip.dll
0x00007ffce2f60000 - 0x00007ffce4398000 	C:\WINDOWS\System32\SHELL32.dll
0x00007ffce27d0000 - 0x00007ffce2876000 	C:\WINDOWS\System32\shcore.dll
0x00007ffce1590000 - 0x00007ffce1cd7000 	C:\WINDOWS\System32\windows.storage.dll
0x00007ffce2770000 - 0x00007ffce27c1000 	C:\WINDOWS\System32\shlwapi.dll
0x00007ffce10a0000 - 0x00007ffce10b1000 	C:\WINDOWS\System32\kernel.appcore.dll
0x00007ffce10e0000 - 0x00007ffce112c000 	C:\WINDOWS\System32\powrprof.dll
0x00007ffce1130000 - 0x00007ffce114b000 	C:\WINDOWS\System32\profapi.dll
0x00007ffcd43c0000 - 0x00007ffcd43da000 	C:\Program Files\JetBrains\IntelliJ IDEA 2019.1.1\bin\breakgen64.dll
0x00007ffcd42e0000 - 0x00007ffcd42fa000 	C:\Users\marco.monacelli\Desktop\enviroment\jvm\64bit\jdk8u202-b08\jre\bin\net.dll
0x00007ffcd9990000 - 0x00007ffcd9b59000 	C:\WINDOWS\SYSTEM32\urlmon.dll
0x00007ffce2750000 - 0x00007ffce276d000 	C:\WINDOWS\System32\imagehlp.dll
0x00007ffcdac20000 - 0x00007ffcdaebf000 	C:\WINDOWS\SYSTEM32\iertutil.dll
0x00007ffce0b10000 - 0x00007ffce0b1b000 	C:\WINDOWS\SYSTEM32\CRYPTBASE.DLL
0x00007ffce0930000 - 0x00007ffce0996000 	C:\WINDOWS\system32\mswsock.dll
0x000000001bd70000 - 0x000000001be17000 	C:\Users\marco.monacelli\.swt\lib\win32\x86_64\swt-win32-4757.dll
0x00007ffce2600000 - 0x00007ffce2749000 	C:\WINDOWS\System32\ole32.dll
0x00007ffce28b0000 - 0x00007ffce2974000 	C:\WINDOWS\System32\OLEAUT32.dll
0x00007ffce2c20000 - 0x00007ffce2d2a000 	C:\WINDOWS\System32\comdlg32.dll
0x00007ffce1f50000 - 0x00007ffce211e000 	C:\WINDOWS\System32\CRYPT32.dll
0x00007ffce10c0000 - 0x00007ffce10d2000 	C:\WINDOWS\System32\MSASN1.dll
0x00007ffcd7b30000 - 0x00007ffcd7bb6000 	C:\WINDOWS\SYSTEM32\WINSPOOL.DRV
0x00007ffc8c250000 - 0x00007ffc8c269000 	C:\WINDOWS\SYSTEM32\USP10.dll
0x00007ffccab60000 - 0x00007ffccb003000 	C:\WINDOWS\SYSTEM32\WININET.dll
0x00007ffce06c0000 - 0x00007ffce06f9000 	C:\WINDOWS\SYSTEM32\IPHLPAPI.DLL
0x00007ffce0c00000 - 0x00007ffce0c25000 	C:\WINDOWS\SYSTEM32\bcrypt.dll
0x00007ffcdec40000 - 0x00007ffcdecd5000 	C:\WINDOWS\system32\uxtheme.dll
0x00007ffce43a0000 - 0x00007ffce4507000 	C:\WINDOWS\System32\MSCTF.dll
0x00007ffcdf560000 - 0x00007ffcdf58a000 	C:\WINDOWS\system32\dwmapi.dll
0x00007ffcd3c00000 - 0x00007ffcd3c6f000 	C:\progettigit\SwtEdgeBrowser\target\classes\it\marcom\swtedge\nat\x64\WebView2Loader.dll
0x00007ffc86140000 - 0x00007ffc8627c000 	C:\progettigit\SwtEdgeBrowser\target\classes\it\marcom\swtedge\nat\x64\webview.dll
0x00007ffcd4140000 - 0x00007ffcd4162000 	C:\WINDOWS\SYSTEM32\VCRUNTIME140D.dll
0x00007ffc9d160000 - 0x00007ffc9d251000 	C:\WINDOWS\SYSTEM32\MSVCP140D.dll
0x00007ffc81210000 - 0x00007ffc813d2000 	C:\WINDOWS\SYSTEM32\ucrtbased.dll
0x00007ffce2550000 - 0x00007ffce25ee000 	C:\WINDOWS\System32\clbcatq.dll
0x00007ffcdfb70000 - 0x00007ffcdfd38000 	C:\WINDOWS\SYSTEM32\dbghelp.dll

VM Arguments:
jvm_args: -javaagent:C:\Program Files\JetBrains\IntelliJ IDEA 2019.1.1\lib\idea_rt.jar=17272:C:\Program Files\JetBrains\IntelliJ IDEA 2019.1.1\bin -Dfile.encoding=UTF-8 
java_command: it.marcom.swtedge.sample.SwtEdgeTest
java_class_path (initial): C:\Users\marco.monacelli\Desktop\enviroment\jvm\64bit\jdk8u202-b08\jre\lib\charsets.jar;C:\Users\marco.monacelli\Desktop\enviroment\jvm\64bit\jdk8u202-b08\jre\lib\ext\access-bridge-64.jar;C:\Users\marco.monacelli\Desktop\enviroment\jvm\64bit\jdk8u202-b08\jre\lib\ext\cldrdata.jar;C:\Users\marco.monacelli\Desktop\enviroment\jvm\64bit\jdk8u202-b08\jre\lib\ext\dnsns.jar;C:\Users\marco.monacelli\Desktop\enviroment\jvm\64bit\jdk8u202-b08\jre\lib\ext\jaccess.jar;C:\Users\marco.monacelli\Desktop\enviroment\jvm\64bit\jdk8u202-b08\jre\lib\ext\localedata.jar;C:\Users\marco.monacelli\Desktop\enviroment\jvm\64bit\jdk8u202-b08\jre\lib\ext\nashorn.jar;C:\Users\marco.monacelli\Desktop\enviroment\jvm\64bit\jdk8u202-b08\jre\lib\ext\sunec.jar;C:\Users\marco.monacelli\Desktop\enviroment\jvm\64bit\jdk8u202-b08\jre\lib\ext\sunjce_provider.jar;C:\Users\marco.monacelli\Desktop\enviroment\jvm\64bit\jdk8u202-b08\jre\lib\ext\sunmscapi.jar;C:\Users\marco.monacelli\Desktop\enviroment\jvm\64bit\jdk8u202-b08\jre\lib\ext\sunpkcs11.jar;C:\Users\marco.monacelli\Desktop\enviroment\jvm\64bit\jdk8u202-b08\jre\lib\ext\zipfs.jar;C:\Users\marco.monacelli\Desktop\enviroment\jvm\64bit\jdk8u202-b08\jre\lib\jce.jar;C:\Users\marco.monacelli\Desktop\enviroment\jvm\64bit\jdk8u202-b08\jre\lib\jsse.jar;C:\Users\marco.monacelli\Desktop\enviroment\jvm\64bit\jdk8u202-b08\jre\lib\management-agent.jar;C:\Users\marco.monacelli\Desktop\enviroment\jvm\64bit\jdk8u202-b08\jre\lib\resources.jar;C:\Users\marco.monacelli\Desktop\enviroment\jvm\64bit\jdk8u202-b08\jre\lib\rt.jar;C:\progettigit\SwtEdgeBrowser\target\classes;C:\Users\marco.monacelli\.m2\repository\com\google\code\gson\gson\2.8.6\gson-2.8.6.jar;C:\Users\marco.monacelli\.m2\repository\org\eclipse\swt\swt-windows\4.7\swt-windows-4.7.jar;C:\Program Files\JetBrains\IntelliJ IDEA 2019.1.1\lib\idea_rt.jar
Launcher Type: SUN_STANDARD

Environment Variables:
PATH=C:\Python27\;C:\Python27\Scripts;C:\ProgramData\Oracle\Java\javapath;C:\WINDOWS\system32;C:\WINDOWS;C:\WINDOWS\System32\Wbem;C:\WINDOWS\System32\WindowsPowerShell\v1.0\;C:\SysinternalsSuite;C:\Program Files (x86)\ATI Technologies\ATI.ACE\Core-Static;C:\WINDOWS\system32;C:\WINDOWS;C:\WINDOWS\System32\Wbem;C:\WINDOWS\System32\WindowsPowerShell\v1.0\;C:\Program Files\dotnet\;C:\Program Files\Microsoft SQL Server\130\Tools\Binn\;C:\Program Files\TortoiseSVN\bin;C:\Program Files\SlikSvn\bin;C:\Program Files\Git\cmd;C:\Program Files\TortoiseGit\bin;C:\Program Files (x86)\Windows Kits\8.1\Windows Performance Toolkit\;C:\Program Files\WindowsPowerShell\Scripts;C:\Program Files\nodejs\;C:\Program Files (x86)\Intel\Intel(R) Management Engine Components\DAL;C:\Program Files\Intel\Intel(R) Management Engine Components\DAL;C:\Program Files\Intel\WiFi\bin\;C:\Program Files\Common Files\Intel\WirelessCommon\;C:\Program Files (x86)\Gpg4win\..\GnuPG\bin;C:\Users\marco.monacelli\AppData\Local\Microsoft\WindowsApps;C:\Gradle\gradle-4.10\bin;C:\Users\marco.monacelli\AppData\Local\Programs\Microsoft VS Code\bin;C:\Users\marco.monacelli\Documents\WindowsPowerShell\Scripts;C:\Users\marco.monacelli\Desktop\programmi_portabili\kubernates;C:\Program Files\Intel\WiFi\bin\;C:\Program Files\Common Files\Intel\WirelessCommon\;C:\Users\marco.monacelli\AppData\Roaming\npm;C:\msys64\mingw64\bin;
USERNAME=marco.monacelli
OS=Windows_NT
PROCESSOR_IDENTIFIER=Intel64 Family 6 Model 142 Stepping 9, GenuineIntel



---------------  S Y S T E M  ---------------

OS: Windows 10.0 , 64 bit Build 16299 (10.0.16299.1087)

CPU:total 4 (initial active 4) (2 cores per cpu, 2 threads per core) family 6 model 142 stepping 9, cmov, cx8, fxsr, mmx, sse, sse2, sse3, ssse3, sse4.1, sse4.2, popcnt, avx, avx2, aes, clmul, erms, rtm, 3dnowpref, lzcnt, ht, tsc, tscinvbit, bmi1, bmi2, adx

Memory: 4k page, physical 7991552k(1195236k free), swap 18689464k(2888708k free)

vm_info: OpenJDK 64-Bit Server VM (25.202-b08) for windows-amd64 JRE (1.8.0_202-b08), built on Jan 17 2019 17:10:34 by "jenkins" with MS VC++ 10.0 (VS2010)

time: Sun May 17 18:25:25 2020
timezone: ora legale Europa occidentale
elapsed time: 0 seconds (0d 0h 0m 0s)

